<?xml version="1.0" encoding="UTF-8"?>
<!-- Generated by org.testng.reporters.JUnitReportReporter -->
<testsuite hostname="LAPTOP-UT81LOBP" failures="0" tests="3" name="demo.Handletestng" time="0.030" errors="0" timestamp="2023-12-21T13:04:40 IST" skipped="0">
  <testcase classname="demo.Handletestng" name="name" time="0.027"/>
  <system-out/>
  <testcase classname="demo.Handletestng" name="login" time="0.002"/>
  <system-out/>
  <testcase classname="demo.Handletestng" name="password" time="0.001"/>
  <system-out/>
</testsuite> <!-- demo.Handletestng -->
